<?xml version="1.0" encoding="UTF-8"?>
<!-- Generated by org.testng.reporters.JUnitReportReporter -->
<testsuite skipped="0" hostname="LAPTOP-CVKA1B2R" name="com.qa.hubspot.tests.ContactsPageTest" tests="1" failures="0" timestamp="11 Nov 2018 00:34:51 GMT" time="70.909" errors="0">
  <testcase name="createContactsTest" time="70.909" classname="com.qa.hubspot.tests.ContactsPageTest"/>
</testsuite> <!-- com.qa.hubspot.tests.ContactsPageTest -->
