<?xml version="1.0" encoding="UTF-8"?>
<!-- Generated by org.testng.reporters.JUnitReportReporter -->
<testsuite skipped="0" hostname="LAPTOP-CVKA1B2R" name="com.qa.hubspot.tests.LoginTest" tests="9" failures="0" timestamp="09 Nov 2018 09:38:30 GMT" time="137.805" errors="0">
  <testcase name="verifyLoginPageTitleTest" time="10.735" classname="com.qa.hubspot.tests.LoginTest"/>
  <testcase name="verifyForgotasswordLinkTest" time="13.176" classname="com.qa.hubspot.tests.LoginTest"/>
  <testcase name="signUpLinkText" time="25.142" classname="com.qa.hubspot.tests.LoginTest"/>
  <testcase name="forgotPasswordLinkTest" time="11.679" classname="com.qa.hubspot.tests.LoginTest"/>
  <testcase name="verifySignWithGoogletest" time="11.163" classname="com.qa.hubspot.tests.LoginTest"/>
  <testcase name="signWithSSOTest" time="16.449" classname="com.qa.hubspot.tests.LoginTest"/>
  <testcase name="allRightsReservedTest" time="21.359" classname="com.qa.hubspot.tests.LoginTest"/>
  <testcase name="privacyPolicyTest" time="11.027" classname="com.qa.hubspot.tests.LoginTest"/>
  <testcase name="loginTest" time="17.075" classname="com.qa.hubspot.tests.LoginTest"/>
</testsuite> <!-- com.qa.hubspot.tests.LoginTest -->
