<?xml version="1.0" encoding="UTF-8"?>
<!-- Generated by org.testng.reporters.JUnitReportReporter -->
<testsuite skipped="0" hostname="LAPTOP-CVKA1B2R" name="com.qa.hubspot.tests.HomePageTest" tests="3" failures="0" timestamp="09 Nov 2018 09:38:30 GMT" time="85.693" errors="0">
  <testcase name="verifyAccountLoggedInNameTest" time="27.084" classname="com.qa.hubspot.tests.HomePageTest"/>
  <testcase name="verifyHomePageHeaderTest" time="29.943" classname="com.qa.hubspot.tests.HomePageTest"/>
  <testcase name="verifyHomePageTitleTest" time="28.666" classname="com.qa.hubspot.tests.HomePageTest"/>
</testsuite> <!-- com.qa.hubspot.tests.HomePageTest -->
